\BOOKMARK [0][-]{chapter.1}{Prerequisites}{}% 1
\BOOKMARK [0][-]{chapter.2}{What\040We\040Are\040Doing\040in\040This\040Course?}{}% 2
\BOOKMARK [1][-]{section.2.1}{우리가 사용하는 자료}{chapter.2}% 3
\BOOKMARK [1][-]{section.2.2}{추론\(Inference\)과 변수\(variables\), 그리고 측정 수준\(척도\)}{chapter.2}% 4
\BOOKMARK [1][-]{section.2.3}{선형회귀모델 간단히 다시보기}{chapter.2}% 5
\BOOKMARK [0][-]{chapter.3}{Basics\040for\040Advanced\040Linear\040Regression\040Models:\040Part\040I}{}% 6
\BOOKMARK [1][-]{section.3.1}{\\beta_1에 대하여}{chapter.3}% 7
\BOOKMARK [1][-]{section.3.2}{모집단 회귀 함수\(Population Regression Function; PRF\)}{chapter.3}% 8
\BOOKMARK [1][-]{section.3.3}{추정-조건들들로부터 도출}{chapter.3}% 9
\BOOKMARK [1][-]{section.3.4}{추정-잔차의 최소화}{chapter.3}% 10
\BOOKMARK [1][-]{section.3.5}{모집단 회귀 함수와 표본 회귀 함수의 이해}{chapter.3}% 11
\BOOKMARK [0][-]{chapter.4}{Basics\040for\040Advanced\040Linear\040Regression\040Models:\040Part\040II}{}% 12
\BOOKMARK [1][-]{section.4.1}{오차\(Errors\)}{chapter.4}% 13
\BOOKMARK [1][-]{section.4.2}{계수\(Coefficients\)}{chapter.4}% 14
\BOOKMARK [1][-]{section.4.3}{분산\(Variance\)}{chapter.4}% 15
\BOOKMARK [1][-]{section.4.4}{Best\040Linear\040Unbiased\040Estimator}{chapter.4}% 16
\BOOKMARK [1][-]{section.4.5}{모델의 특정\(specification\)}{chapter.4}% 17
\BOOKMARK [1][-]{section.4.6}{다양한 변수들 \(Various variables\)}{chapter.4}% 18
\BOOKMARK [1][-]{section.4.7}{간단한 정리}{chapter.4}% 19
\BOOKMARK [0][-]{chapter.5}{Recap\040of\040Interactions\040and\040Hypotheses\040Tests}{}% 20
\BOOKMARK [0][-]{chapter.6}{Basics\040for\040Advanced\040Linear\040Regression\040Models:\040Part\040I}{}% 21
\BOOKMARK [0][-]{chapter.7}{Basics\040for\040Advanced\040Linear\040Regression\040Models:\040Part\040I}{}% 22
\BOOKMARK [0][-]{chapter.8}{Basics\040for\040Advanced\040Linear\040Regression\040Models:\040Part\040I}{}% 23
\BOOKMARK [0][-]{chapter.9}{Basics\040for\040Advanced\040Linear\040Regression\040Models:\040Part\040I}{}% 24
